<?xml version="1.0" encoding="UTF-8"?>
<testsuite xmlns:xsi="http://www.w3.org/2001/XMLSchema-instance" xsi:noNamespaceSchemaLocation="https://maven.apache.org/surefire/maven-surefire-plugin/xsd/surefire-test-report.xsd" version="3.0.2" name="com.example.batch.invoice.InvoiceItemProcessorTest" time="0.017" tests="8" errors="0" skipped="0" failures="0">
  <properties>
[...]
</properties>
  <testcase name="process_negativeAmount_throwsIllegalArgumentException" classname="com.example.batch.invoice.InvoiceItemProcessorTest" time="0.007"/>
  <testcase name="process_amountExactly1000_isProcessed" classname="com.example.batch.invoice.InvoiceItemProcessorTest" time="0.001"/>
  <testcase name="process_zeroAmount_throwsIllegalArgumentException" classname="com.example.batch.invoice.InvoiceItemProcessorTest" time="0.001"/>
  <testcase name="process_nullAmount_throwsIllegalArgumentException" classname="com.example.batch.invoice.InvoiceItemProcessorTest" time="0.001"/>
  <testcase name="process_validAmount_setsStatusToProcessed" classname="com.example.batch.invoice.InvoiceItemProcessorTest" time="0.0"/>
  <testcase name="process_validAmount_returnsModifiedSameObject" classname="com.example.batch.invoice.InvoiceItemProcessorTest" time="0.0"/>
  <testcase name="process_amountAbove1000_returnsNullFiltered" classname="com.example.batch.invoice.InvoiceItemProcessorTest" time="0.0"/>
  <testcase name="process_amountWellAbove1000_returnsNullFiltered" classname="com.example.batch.invoice.InvoiceItemProcessorTest" time="0.0"/>
</testsuite>